Watching for file changes with StatReloader
C:\Users\sarth\Desktop\djcrud\djcrudwithlog\pro1\pro1\settings.py changed, reloading.
Watching for file changes with StatReloader
C:\Users\sarth\Desktop\djcrud\djcrudwithlog\pro1\app1\views.py changed, reloading.
Watching for file changes with StatReloader
C:\Users\sarth\Desktop\djcrud\djcrudwithlog\pro1\app1\views.py changed, reloading.
Watching for file changes with StatReloader
C:\Users\sarth\Desktop\djcrud\djcrudwithlog\pro1\app1\views.py changed, reloading.
Watching for file changes with StatReloader
C:\Users\sarth\Desktop\djcrud\djcrudwithlog\pro1\app1\views.py changed, reloading.
Watching for file changes with StatReloader
C:\Users\sarth\Desktop\djcrud\djcrudwithlog\pro1\app1\views.py changed, reloading.
Watching for file changes with StatReloader
C:\Users\sarth\Desktop\djcrud\djcrudwithlog\pro1\app1\views.py changed, reloading.
Watching for file changes with StatReloader
C:\Users\sarth\Desktop\djcrud\djcrudwithlog\pro1\app1\views.py changed, reloading.
Watching for file changes with StatReloader
C:\Users\sarth\Desktop\djcrud\djcrudwithlog\pro1\app1\views.py changed, reloading.
Watching for file changes with StatReloader
C:\Users\sarth\Desktop\djcrud\djcrudwithlog\pro1\app1\views.py changed, reloading.
Watching for file changes with StatReloader
C:\Users\sarth\Desktop\djcrud\djcrudwithlog\pro1\app1\views.py changed, reloading.
Watching for file changes with StatReloader
"GET /sv/ HTTP/1.1" 200 1392
Student info is valid
"POST /sv/ HTTP/1.1" 302 0
"GET /dv/ HTTP/1.1" 200 2312
C:\Users\sarth\Desktop\djcrud\djcrudwithlog\pro1\app1\views.py changed, reloading.
Watching for file changes with StatReloader
C:\Users\sarth\Desktop\djcrud\djcrudwithlog\pro1\app1\views.py changed, reloading.
Watching for file changes with StatReloader
C:\Users\sarth\Desktop\djcrud\djcrudwithlog\pro1\app1\views.py changed, reloading.
Watching for file changes with StatReloader
C:\Users\sarth\Desktop\djcrud\djcrudwithlog\pro1\app1\views.py changed, reloading.
Watching for file changes with StatReloader
C:\Users\sarth\Desktop\djcrud\djcrudwithlog\pro1\app1\views.py changed, reloading.
Watching for file changes with StatReloader
"GET /sv/ HTTP/1.1" 200 1392
Student profile created successfully
"POST /sv/ HTTP/1.1" 302 0
"GET /dv/ HTTP/1.1" 200 2563
C:\Users\sarth\Desktop\djcrud\djcrudwithlog\pro1\app1\views.py changed, reloading.
Watching for file changes with StatReloader
C:\Users\sarth\Desktop\djcrud\djcrudwithlog\pro1\app1\views.py changed, reloading.
Watching for file changes with StatReloader
C:\Users\sarth\Desktop\djcrud\djcrudwithlog\pro1\app1\views.py changed, reloading.
Watching for file changes with StatReloader
"GET /uv/103/ HTTP/1.1" 200 1429
Student profile updated successfully
"POST /uv/103/ HTTP/1.1" 200 1430
Student profile updated successfully
"POST /uv/103/ HTTP/1.1" 200 1430
"GET /dv/ HTTP/1.1" 200 2564
C:\Users\sarth\Desktop\djcrud\djcrudwithlog\pro1\app1\views.py changed, reloading.
Watching for file changes with StatReloader
C:\Users\sarth\Desktop\djcrud\djcrudwithlog\pro1\app1\views.py changed, reloading.
Watching for file changes with StatReloader
C:\Users\sarth\Desktop\djcrud\djcrudwithlog\pro1\app1\views.py changed, reloading.
Watching for file changes with StatReloader
C:\Users\sarth\Desktop\djcrud\djcrudwithlog\pro1\app1\views.py changed, reloading.
Watching for file changes with StatReloader
C:\Users\sarth\Desktop\djcrud\djcrudwithlog\pro1\app1\views.py changed, reloading.
Watching for file changes with StatReloader
C:\Users\sarth\Desktop\djcrud\djcrudwithlog\pro1\auth_app\views.py changed, reloading.
Watching for file changes with StatReloader
C:\Users\sarth\Desktop\djcrud\djcrudwithlog\pro1\auth_app\views.py changed, reloading.
Watching for file changes with StatReloader
C:\Users\sarth\Desktop\djcrud\djcrudwithlog\pro1\auth_app\views.py changed, reloading.
Watching for file changes with StatReloader
C:\Users\sarth\Desktop\djcrud\djcrudwithlog\pro1\auth_app\views.py changed, reloading.
Watching for file changes with StatReloader
C:\Users\sarth\Desktop\djcrud\djcrudwithlog\pro1\auth_app\views.py changed, reloading.
Watching for file changes with StatReloader
C:\Users\sarth\Desktop\djcrud\djcrudwithlog\pro1\auth_app\views.py changed, reloading.
Watching for file changes with StatReloader
C:\Users\sarth\Desktop\djcrud\djcrudwithlog\pro1\auth_app\views.py changed, reloading.
Watching for file changes with StatReloader
C:\Users\sarth\Desktop\djcrud\djcrudwithlog\pro1\auth_app\views.py changed, reloading.
Watching for file changes with StatReloader
C:\Users\sarth\Desktop\djcrud\djcrudwithlog\pro1\auth_app\views.py changed, reloading.
Watching for file changes with StatReloader
C:\Users\sarth\Desktop\djcrud\djcrudwithlog\pro1\auth_app\views.py changed, reloading.
Watching for file changes with StatReloader
C:\Users\sarth\Desktop\djcrud\djcrudwithlog\pro1\auth_app\views.py changed, reloading.
Watching for file changes with StatReloader
C:\Users\sarth\Desktop\djcrud\djcrudwithlog\pro1\auth_app\views.py changed, reloading.
Watching for file changes with StatReloader
C:\Users\sarth\Desktop\djcrud\djcrudwithlog\pro1\auth_app\views.py changed, reloading.
Watching for file changes with StatReloader
C:\Users\sarth\Desktop\djcrud\djcrudwithlog\pro1\auth_app\views.py changed, reloading.
Watching for file changes with StatReloader
C:\Users\sarth\Desktop\djcrud\djcrudwithlog\pro1\auth_app\views.py changed, reloading.
Watching for file changes with StatReloader
C:\Users\sarth\Desktop\djcrud\djcrudwithlog\pro1\auth_app\views.py changed, reloading.
Watching for file changes with StatReloader
C:\Users\sarth\Desktop\djcrud\djcrudwithlog\pro1\auth_app\views.py changed, reloading.
Watching for file changes with StatReloader
C:\Users\sarth\Desktop\djcrud\djcrudwithlog\pro1\auth_app\views.py changed, reloading.
Watching for file changes with StatReloader
C:\Users\sarth\Desktop\djcrud\djcrudwithlog\pro1\auth_app\views.py changed, reloading.
Watching for file changes with StatReloader
C:\Users\sarth\Desktop\djcrud\djcrudwithlog\pro1\auth_app\views.py changed, reloading.
Watching for file changes with StatReloader
C:\Users\sarth\Desktop\djcrud\djcrudwithlog\pro1\auth_app\views.py changed, reloading.
Watching for file changes with StatReloader
C:\Users\sarth\Desktop\djcrud\djcrudwithlog\pro1\auth_app\views.py changed, reloading.
Watching for file changes with StatReloader
C:\Users\sarth\Desktop\djcrud\djcrudwithlog\pro1\auth_app\views.py changed, reloading.
Watching for file changes with StatReloader
C:\Users\sarth\Desktop\djcrud\djcrudwithlog\pro1\auth_app\views.py changed, reloading.
Watching for file changes with StatReloader
C:\Users\sarth\Desktop\djcrud\djcrudwithlog\pro1\auth_app\views.py changed, reloading.
Watching for file changes with StatReloader
C:\Users\sarth\Desktop\djcrud\djcrudwithlog\pro1\auth_app\views.py changed, reloading.
Watching for file changes with StatReloader
C:\Users\sarth\Desktop\djcrud\djcrudwithlog\pro1\auth_app\views.py changed, reloading.
Watching for file changes with StatReloader
C:\Users\sarth\Desktop\djcrud\djcrudwithlog\pro1\auth_app\views.py changed, reloading.
Watching for file changes with StatReloader
C:\Users\sarth\Desktop\djcrud\djcrudwithlog\pro1\auth_app\views.py changed, reloading.
Watching for file changes with StatReloader
C:\Users\sarth\Desktop\djcrud\djcrudwithlog\pro1\auth_app\views.py changed, reloading.
Watching for file changes with StatReloader
C:\Users\sarth\Desktop\djcrud\djcrudwithlog\pro1\auth_app\views.py changed, reloading.
Watching for file changes with StatReloader
C:\Users\sarth\Desktop\djcrud\djcrudwithlog\pro1\auth_app\views.py changed, reloading.
Watching for file changes with StatReloader
C:\Users\sarth\Desktop\djcrud\djcrudwithlog\pro1\app1\views.py changed, reloading.
Watching for file changes with StatReloader
C:\Users\sarth\Desktop\djcrud\djcrudwithlog\pro1\app1\views.py changed, reloading.
Watching for file changes with StatReloader
C:\Users\sarth\Desktop\djcrud\djcrudwithlog\pro1\app1\views.py changed, reloading.
Watching for file changes with StatReloader
C:\Users\sarth\Desktop\djcrud\djcrudwithlog\pro1\app1\views.py changed, reloading.
Watching for file changes with StatReloader
C:\Users\sarth\Desktop\djcrud\djcrudwithlog\pro1\app1\views.py changed, reloading.
Watching for file changes with StatReloader
C:\Users\sarth\Desktop\djcrud\djcrudwithlog\pro1\app1\views.py changed, reloading.
Watching for file changes with StatReloader
C:\Users\sarth\Desktop\djcrud\djcrudwithlog\pro1\app1\views.py changed, reloading.
Watching for file changes with StatReloader
C:\Users\sarth\Desktop\djcrud\djcrudwithlog\pro1\app1\views.py changed, reloading.
Watching for file changes with StatReloader
C:\Users\sarth\Desktop\djcrud\djcrudwithlog\pro1\app1\views.py changed, reloading.
Watching for file changes with StatReloader
C:\Users\sarth\Desktop\djcrud\djcrudwithlog\pro1\app1\views.py changed, reloading.
Watching for file changes with StatReloader
C:\Users\sarth\Desktop\djcrud\djcrudwithlog\pro1\app1\views.py changed, reloading.
Watching for file changes with StatReloader
